  Scene_Zelda.cpp
C:\Users\yonat\source\repos\Definitely Not Zelda\Scene_Zelda.cpp(86,64): warning C4244: 'argument': conversion from 'float' to 'int', possible loss of data
C:\Users\yonat\source\repos\Definitely Not Zelda\Scene_Zelda.cpp(86,59): warning C4244: 'argument': conversion from 'float' to 'int', possible loss of data
C:\Users\yonat\source\repos\Definitely Not Zelda\Scene_Zelda.cpp(86,53): warning C4244: 'argument': conversion from 'float' to 'int', possible loss of data
C:\Users\yonat\source\repos\Definitely Not Zelda\Scene_Zelda.cpp(86,47): warning C4244: 'argument': conversion from 'float' to 'int', possible loss of data
C:\Users\yonat\source\repos\Definitely Not Zelda\Scene_Zelda.cpp(114,18): warning C4244: 'initializing': conversion from 'float' to 'int', possible loss of data
C:\Users\yonat\source\repos\Definitely Not Zelda\Scene_Zelda.cpp(115,18): warning C4244: 'initializing': conversion from 'float' to 'int', possible loss of data
C:\Users\yonat\source\repos\Definitely Not Zelda\Scene_Zelda.cpp(118,13): warning C4244: 'initializing': conversion from 'float' to 'int', possible loss of data
C:\Users\yonat\source\repos\Definitely Not Zelda\Scene_Zelda.cpp(119,13): warning C4244: 'initializing': conversion from 'float' to 'int', possible loss of data
C:\Users\yonat\source\repos\Definitely Not Zelda\Scene_Zelda.cpp(135,48): warning C4244: 'argument': conversion from 'float' to 'int', possible loss of data
C:\Users\yonat\source\repos\Definitely Not Zelda\Scene_Zelda.cpp(135,30): warning C4244: 'argument': conversion from 'float' to 'int', possible loss of data
C:\Users\yonat\source\repos\Definitely Not Zelda\Scene_Zelda.cpp(134,85): warning C4244: 'argument': conversion from 'float' to 'int', possible loss of data
C:\Users\yonat\source\repos\Definitely Not Zelda\Scene_Zelda.cpp(134,63): warning C4244: 'argument': conversion from 'float' to 'int', possible loss of data
C:\Users\yonat\source\repos\Definitely Not Zelda\Scene_Zelda.cpp(769,84): warning C4244: 'argument': conversion from 'size_t' to 'T', possible loss of data
C:\Users\yonat\source\repos\Definitely Not Zelda\Scene_Zelda.cpp(769,84): warning C4244:         with
C:\Users\yonat\source\repos\Definitely Not Zelda\Scene_Zelda.cpp(769,84): warning C4244:         [
C:\Users\yonat\source\repos\Definitely Not Zelda\Scene_Zelda.cpp(769,84): warning C4244:             T=float
C:\Users\yonat\source\repos\Definitely Not Zelda\Scene_Zelda.cpp(769,84): warning C4244:         ]
C:\Users\yonat\source\repos\Definitely Not Zelda\Scene_Zelda.cpp(769,74): warning C4244: 'argument': conversion from 'size_t' to 'T', possible loss of data
C:\Users\yonat\source\repos\Definitely Not Zelda\Scene_Zelda.cpp(769,74): warning C4244:         with
C:\Users\yonat\source\repos\Definitely Not Zelda\Scene_Zelda.cpp(769,74): warning C4244:         [
C:\Users\yonat\source\repos\Definitely Not Zelda\Scene_Zelda.cpp(769,74): warning C4244:             T=float
C:\Users\yonat\source\repos\Definitely Not Zelda\Scene_Zelda.cpp(769,74): warning C4244:         ]
C:\Users\yonat\source\repos\Definitely Not Zelda\Scene_Zelda.cpp(785,30): warning C4244: 'initializing': conversion from 'float' to 'int', possible loss of data
C:\Users\yonat\source\repos\Definitely Not Zelda\Scene_Zelda.cpp(787,30): warning C4244: 'initializing': conversion from 'float' to 'int', possible loss of data
C:\Users\yonat\source\repos\Definitely Not Zelda\Scene_Zelda.cpp(809,33): warning C4244: 'argument': conversion from 'float' to 'int', possible loss of data
C:\Users\yonat\source\repos\Definitely Not Zelda\Scene_Zelda.cpp(809,16): warning C4244: 'argument': conversion from 'float' to 'int', possible loss of data
C:\Users\yonat\source\repos\Definitely Not Zelda\Scene_Zelda.cpp(808,81): warning C4244: 'argument': conversion from 'float' to 'int', possible loss of data
C:\Users\yonat\source\repos\Definitely Not Zelda\Scene_Zelda.cpp(808,60): warning C4244: 'argument': conversion from 'float' to 'int', possible loss of data
C:\Users\yonat\source\repos\Definitely Not Zelda\Scene_Zelda.cpp(1000,69): warning C4244: 'argument': conversion from 'int' to 'T', possible loss of data
C:\Users\yonat\source\repos\Definitely Not Zelda\Scene_Zelda.cpp(1000,69): warning C4244:         with
C:\Users\yonat\source\repos\Definitely Not Zelda\Scene_Zelda.cpp(1000,69): warning C4244:         [
C:\Users\yonat\source\repos\Definitely Not Zelda\Scene_Zelda.cpp(1000,69): warning C4244:             T=float
C:\Users\yonat\source\repos\Definitely Not Zelda\Scene_Zelda.cpp(1000,69): warning C4244:         ]
C:\Users\yonat\source\repos\Definitely Not Zelda\Entity.h(51,36): warning C4244: 'argument': conversion from 'float' to 'int', possible loss of data
  (compiling source file 'Scene_Zelda.cpp')
  C:\Users\yonat\source\repos\Definitely Not Zelda\Entity.h(51,36):
  the template instantiation context (the oldest one first) is
  	C:\Users\yonat\source\repos\Definitely Not Zelda\Scene_Zelda.cpp(137,10):
  	see reference to function template instantiation 'T &Entity::addComponent<CHealth,float&,float&>(float &,float &)' being compiled
          with
          [
              T=CHealth
          ]
  
C:\Users\yonat\source\repos\Definitely Not Zelda\Entity.h(51,36): warning C4244: 'argument': conversion from '_Ty' to 'float', possible loss of data
C:\Users\yonat\source\repos\Definitely Not Zelda\Entity.h(51,36): warning C4244:         with
C:\Users\yonat\source\repos\Definitely Not Zelda\Entity.h(51,36): warning C4244:         [
C:\Users\yonat\source\repos\Definitely Not Zelda\Entity.h(51,36): warning C4244:             _Ty=int
C:\Users\yonat\source\repos\Definitely Not Zelda\Entity.h(51,36): warning C4244:         ]
  (compiling source file 'Scene_Zelda.cpp')
  C:\Users\yonat\source\repos\Definitely Not Zelda\Entity.h(51,36):
  the template instantiation context (the oldest one first) is
  	C:\Users\yonat\source\repos\Definitely Not Zelda\Scene_Zelda.cpp(161,7):
  	see reference to function template instantiation 'T &Entity::addComponent<CTransform,Vec2&,Vec2,Vec2&,int>(Vec2 &,Vec2 &&,Vec2 &,int &&)' being compiled
          with
          [
              T=CTransform
          ]
  
  Generating code
  1 of 1417 functions (<0.1%) were compiled, the rest were copied from previous compilation.
    0 functions were new in current compilation
    34 functions had inline decision re-evaluated but remain unchanged
  Finished generating code
  Definitely Not Zelda.vcxproj -> C:\Users\yonat\source\repos\Definitely Not Zelda\x64\Release\Definitely Not Zelda.exe
